0 info it worked if it ends with ok
1 verbose cli [ 'node', '/usr/local/bin/npm', 'install', 'photoswipe' ]
2 info using npm@2.11.2
3 info using node@v0.12.5
4 verbose install initial load of /Applications/MAMP/htdocs/crafter/package.json
5 verbose readDependencies loading dependencies from /Applications/MAMP/htdocs/crafter/package.json
6 silly cache add args [ 'photoswipe', null ]
7 verbose cache add spec photoswipe
8 silly cache add parsed spec { raw: 'photoswipe',
8 silly cache add   scope: null,
8 silly cache add   name: 'photoswipe',
8 silly cache add   rawSpec: '',
8 silly cache add   spec: '*',
8 silly cache add   type: 'range' }
9 silly addNamed photoswipe@*
10 verbose addNamed "*" is a valid semver range for photoswipe
11 silly addNameRange { name: 'photoswipe', range: '*', hasData: false }
12 silly mapToRegistry name photoswipe
13 silly mapToRegistry using default registry
14 silly mapToRegistry registry https://registry.npmjs.org/
15 silly mapToRegistry uri https://registry.npmjs.org/photoswipe
16 verbose addNameRange registry:https://registry.npmjs.org/photoswipe not in flight; fetching
17 verbose request uri https://registry.npmjs.org/photoswipe
18 verbose request no auth needed
19 info attempt registry request try #1 at 2:44:48 PM
20 verbose request id 0b531c9252de644c
21 http request GET https://registry.npmjs.org/photoswipe
22 http 200 https://registry.npmjs.org/photoswipe
23 silly get cb [ 200,
23 silly get   { server: 'CouchDB/1.5.0 (Erlang OTP/R16B03)',
23 silly get     etag: '"5EEI6JHZBK7W3THFWKVY0LIVT"',
23 silly get     'content-type': 'application/json',
23 silly get     'cache-control': 'max-age=60',
23 silly get     'content-length': '17331',
23 silly get     'accept-ranges': 'bytes',
23 silly get     date: 'Wed, 22 Jul 2015 12:44:49 GMT',
23 silly get     via: '1.1 varnish',
23 silly get     age: '0',
23 silly get     connection: 'keep-alive',
23 silly get     'x-served-by': 'cache-ams4124-AMS',
23 silly get     'x-cache': 'HIT',
23 silly get     'x-cache-hits': '1',
23 silly get     'x-timer': 'S1437569089.502112,VS0,VE165',
23 silly get     vary: 'Accept' } ]
24 verbose get saving photoswipe to /Users/haleybowler/.npm/registry.npmjs.org/photoswipe/.cache.json
25 silly addNameRange number 2 { name: 'photoswipe', range: '*', hasData: true }
26 silly addNameRange versions [ 'photoswipe',
26 silly addNameRange   [ '4.0.0',
26 silly addNameRange     '4.0.2',
26 silly addNameRange     '4.0.3',
26 silly addNameRange     '4.0.5',
26 silly addNameRange     '4.0.6',
26 silly addNameRange     '4.0.7',
26 silly addNameRange     '4.0.8',
26 silly addNameRange     '4.1.0' ] ]
27 silly addNamed photoswipe@4.1.0
28 verbose addNamed "4.1.0" is a plain semver version for photoswipe
29 silly mapToRegistry name photoswipe
30 silly mapToRegistry using default registry
31 silly mapToRegistry registry https://registry.npmjs.org/
32 silly mapToRegistry uri https://registry.npmjs.org/photoswipe
33 verbose addRemoteTarball https://registry.npmjs.org/photoswipe/-/photoswipe-4.1.0.tgz not in flight; adding
34 verbose addRemoteTarball [ 'https://registry.npmjs.org/photoswipe/-/photoswipe-4.1.0.tgz',
34 verbose addRemoteTarball   'f820a6429d74b94a66b7c3666153ef9a5c3befcd' ]
35 info retry fetch attempt 1 at 2:44:50 PM
36 info attempt registry request try #1 at 2:44:50 PM
37 http fetch GET https://registry.npmjs.org/photoswipe/-/photoswipe-4.1.0.tgz
38 http fetch 200 https://registry.npmjs.org/photoswipe/-/photoswipe-4.1.0.tgz
39 silly fetchAndShaCheck shasum f820a6429d74b94a66b7c3666153ef9a5c3befcd
40 verbose addTmpTarball /var/folders/x0/wl866qr14q37m6tlw50_qx440000gn/T/npm-17470-7a94e331/registry.npmjs.org/photoswipe/-/photoswipe-4.1.0.tgz not in flight; adding
41 verbose addTmpTarball already have metadata; skipping unpack for photoswipe@4.1.0
42 silly cache afterAdd photoswipe@4.1.0
43 verbose afterAdd /Users/haleybowler/.npm/photoswipe/4.1.0/package/package.json not in flight; writing
44 verbose afterAdd /Users/haleybowler/.npm/photoswipe/4.1.0/package/package.json written
45 silly install resolved [ { name: 'photoswipe',
45 silly install resolved     version: '4.1.0',
45 silly install resolved     engines: { node: '>= 0.8.0' },
45 silly install resolved     scripts: { test: 'grunt jshint' },
45 silly install resolved     devDependencies:
45 silly install resolved      { grunt: '~0.4.5',
45 silly install resolved        'grunt-autoprefixer': '^3.0.0',
45 silly install resolved        'grunt-aws-s3': '^0.13.0',
45 silly install resolved        'grunt-contrib-clean': '~0.6.0',
45 silly install resolved        'grunt-contrib-concat': '~0.5.1',
45 silly install resolved        'grunt-contrib-copy': '^0.8.0',
45 silly install resolved        'grunt-contrib-cssmin': '^0.12.2',
45 silly install resolved        'grunt-contrib-jshint': '~0.11.2',
45 silly install resolved        'grunt-contrib-uglify': '~0.9.1',
45 silly install resolved        'grunt-contrib-watch': '~0.6.1',
45 silly install resolved        'grunt-jekyll': '~0.4.2',
45 silly install resolved        'grunt-sass': '^1.0.0',
45 silly install resolved        'grunt-svgmin': '^2.0.1' },
45 silly install resolved     repository:
45 silly install resolved      { type: 'git',
45 silly install resolved        url: 'git://github.com/dimsemenov/Photoswipe.git' },
45 silly install resolved     description: 'JavaScript gallery',
45 silly install resolved     bugs: { url: 'https://github.com/dimsemenov/Photoswipe/issues' },
45 silly install resolved     homepage: 'http://photoswipe.com',
45 silly install resolved     main: 'dist/photoswipe.js',
45 silly install resolved     keywords: [ 'gallery', 'lightbox', 'photo', 'image', 'touch', 'swipe', 'zoom' ],
45 silly install resolved     author: { name: 'Dmitry Semenov', url: 'http://dimsemenov.com' },
45 silly install resolved     license: 'MIT',
45 silly install resolved     gitHead: 'eb42792f933d53b0306a4cbedbb67bc0029e3278',
45 silly install resolved     _id: 'photoswipe@4.1.0',
45 silly install resolved     _shasum: 'f820a6429d74b94a66b7c3666153ef9a5c3befcd',
45 silly install resolved     _from: 'photoswipe@*',
45 silly install resolved     _npmVersion: '2.1.17',
45 silly install resolved     _nodeVersion: '0.10.31',
45 silly install resolved     _npmUser: { name: 'dimsemenov', email: 'diiiimaaaa@gmail.com' },
45 silly install resolved     maintainers: [ [Object] ],
45 silly install resolved     dist:
45 silly install resolved      { shasum: 'f820a6429d74b94a66b7c3666153ef9a5c3befcd',
45 silly install resolved        tarball: 'http://registry.npmjs.org/photoswipe/-/photoswipe-4.1.0.tgz' },
45 silly install resolved     directories: {},
45 silly install resolved     _resolved: 'https://registry.npmjs.org/photoswipe/-/photoswipe-4.1.0.tgz' } ]
46 info install photoswipe@4.1.0 into /Applications/MAMP/htdocs/crafter
47 info installOne photoswipe@4.1.0
48 verbose installOne of photoswipe to /Applications/MAMP/htdocs/crafter not in flight; installing
49 warn locking Error: EACCES, open '/Users/haleybowler/.npm/_locks/photoswipe-602fe3546a53dee4.lock'
49 warn locking     at Error (native)
49 warn locking  /Users/haleybowler/.npm/_locks/photoswipe-602fe3546a53dee4.lock failed { [Error: EACCES, open '/Users/haleybowler/.npm/_locks/photoswipe-602fe3546a53dee4.lock']
49 warn locking   errno: -13,
49 warn locking   code: 'EACCES',
49 warn locking   path: '/Users/haleybowler/.npm/_locks/photoswipe-602fe3546a53dee4.lock' }
50 verbose stack Error: Attempt to unlock /Applications/MAMP/htdocs/crafter/node_modules/photoswipe, which hasn't been locked
50 verbose stack     at unlock (/usr/local/lib/node_modules/npm/lib/utils/locker.js:66:11)
50 verbose stack     at cb (/usr/local/lib/node_modules/npm/lib/install.js:1017:5)
50 verbose stack     at /usr/local/lib/node_modules/npm/lib/install.js:1021:20
50 verbose stack     at /usr/local/lib/node_modules/npm/lib/utils/locker.js:40:9
50 verbose stack     at cb (/usr/local/lib/node_modules/npm/node_modules/lockfile/lockfile.js:149:38)
50 verbose stack     at /usr/local/lib/node_modules/npm/node_modules/lockfile/lockfile.js:177:38
50 verbose stack     at FSReqWrap.oncomplete (fs.js:95:15)
51 verbose cwd /Applications/MAMP/htdocs/crafter
52 error Darwin 14.3.0
53 error argv "node" "/usr/local/bin/npm" "install" "photoswipe"
54 error node v0.12.5
55 error npm  v2.11.2
56 error Attempt to unlock /Applications/MAMP/htdocs/crafter/node_modules/photoswipe, which hasn't been locked
57 error If you need help, you may report this error at:
57 error     <https://github.com/npm/npm/issues>
58 verbose exit [ 1, true ]
